Thu Jul 21 00:09:28 PDT 2016 : Information : CurrencyProphet been launched. all rights reserved
Thu Jul 21 00:09:28 PDT 2016 : Information : Email authenticate succeed
Thu Jul 21 00:09:28 PDT 2016 : Information : Monitor started...
Thu Jul 21 00:41:41 PDT 2016 : Information : CurrencyProphet been launched. all rights reserved
Thu Jul 21 00:41:41 PDT 2016 : Information : Email authenticate succeed
Thu Jul 21 00:41:41 PDT 2016 : Information : Monitor started...
Thu Jul 21 00:42:42 PDT 2016 : Information : CurrencyProphet been launched. all rights reserved
Thu Jul 21 00:42:48 PDT 2016 : Information : Email authenticate succeed
Thu Jul 21 00:42:48 PDT 2016 : Information : Monitor started...
Thu Jul 21 01:09:04 PDT 2016 : Information : CurrencyProphet been launched. all rights reserved
Thu Jul 21 01:09:04 PDT 2016 : Information : Email authenticate succeed
Thu Jul 21 01:09:04 PDT 2016 : Information : Monitor started...
Thu Jul 21 01:14:04 PDT 2016 : Information : CurrencyProphet been launched. all rights reserved
Thu Jul 21 01:14:04 PDT 2016 : Information : Email authenticate succeed
Thu Jul 21 01:14:04 PDT 2016 : Information : Monitor started...
Thu Jul 21 01:29:09 PDT 2016 : Information : CurrencyProphet been launched. all rights reserved
Thu Jul 21 01:29:09 PDT 2016 : Information : Email authenticate succeed
Thu Jul 21 01:29:09 PDT 2016 : Information : Monitor started...
Fri Jul 29 00:45:21 PDT 2016 : Information : CurrencyProphet been launched. all rights reserved
Fri Jul 29 00:45:21 PDT 2016 : Information : Email authenticate succeed
Fri Jul 29 00:45:21 PDT 2016 : Information : Monitor started...
Fri Jul 29 00:46:26 PDT 2016 : Information : CurrencyProphet been launched. all rights reserved
Fri Jul 29 00:46:26 PDT 2016 : Information : Email authenticate succeed
Fri Jul 29 00:46:26 PDT 2016 : Information : Monitor started...
Thu Aug 04 17:46:49 PDT 2016 : Information : CurrencyProphet been launched. all rights reserved
Thu Aug 04 17:46:49 PDT 2016 : Information : Email authenticate succeed
Thu Aug 04 17:46:49 PDT 2016 : Information : Monitor started...
Thu Aug 04 17:56:41 PDT 2016 : Information : CurrencyProphet been launched. all rights reserved
Thu Aug 04 17:56:41 PDT 2016 : Information : Email authenticate succeed
Thu Aug 04 17:56:41 PDT 2016 : Information : Monitor started...
Sun Aug 07 23:04:16 PDT 2016 : Information : CurrencyProphet been launched. all rights reserved
Sun Aug 07 23:04:16 PDT 2016 : Information : Email authenticate succeed
Sun Aug 07 23:04:16 PDT 2016 : Information : Monitor started...
Mon Aug 08 00:49:51 PDT 2016 : Information : CurrencyProphet been launched. all rights reserved
Mon Aug 08 00:49:51 PDT 2016 : Information : Email authenticate succeed
Mon Aug 08 00:49:51 PDT 2016 : Information : Monitor started...
Mon Aug 08 00:50:36 PDT 2016 : Information : CurrencyProphet been launched. all rights reserved
Mon Aug 08 00:50:36 PDT 2016 : Information : Email authenticate succeed
Mon Aug 08 00:50:36 PDT 2016 : Information : Monitor started...
Mon Aug 08 00:52:00 PDT 2016 : Information : CurrencyProphet been launched. all rights reserved
Mon Aug 08 00:52:00 PDT 2016 : Information : Email authenticate succeed
Mon Aug 08 00:52:00 PDT 2016 : Information : Monitor started...
Mon Aug 08 00:52:59 PDT 2016 : Information : CurrencyProphet been launched. all rights reserved
Mon Aug 08 00:52:59 PDT 2016 : Information : Email authenticate succeed
Mon Aug 08 00:52:59 PDT 2016 : Information : Monitor started...
Mon Aug 08 00:53:28 PDT 2016 : Information : CurrencyProphet been launched. all rights reserved
Mon Aug 08 00:53:28 PDT 2016 : Information : Email authenticate succeed
Mon Aug 08 00:53:28 PDT 2016 : Information : Monitor started...
Mon Aug 08 00:54:43 PDT 2016 : Information : CurrencyProphet been launched. all rights reserved
Mon Aug 08 00:54:43 PDT 2016 : Information : Email authenticate succeed
Mon Aug 08 00:54:43 PDT 2016 : Information : Monitor started...
Mon Aug 08 00:55:56 PDT 2016 : Information : CurrencyProphet been launched. all rights reserved
Mon Aug 08 00:55:56 PDT 2016 : Information : Email authenticate succeed
Mon Aug 08 00:55:56 PDT 2016 : Information : Monitor started...
Mon Aug 08 00:57:29 PDT 2016 : Information : CurrencyProphet been launched. all rights reserved
Mon Aug 08 00:57:29 PDT 2016 : Information : Email authenticate succeed
Mon Aug 08 00:57:29 PDT 2016 : Information : Monitor started...
Mon Aug 08 01:02:43 PDT 2016 : Information : CurrencyProphet been launched. all rights reserved
Mon Aug 08 01:02:43 PDT 2016 : Information : Email authenticate succeed
Mon Aug 08 01:02:43 PDT 2016 : Information : Monitor started...
Mon Aug 08 01:12:08 PDT 2016 : Information : CurrencyProphet been launched. all rights reserved
Mon Aug 08 01:12:08 PDT 2016 : Information : Email authenticate succeed
Mon Aug 08 01:12:08 PDT 2016 : Information : Monitor started...
Mon Aug 08 15:59:32 PDT 2016 : Information : CurrencyProphet been launched. all rights reserved
Mon Aug 08 16:00:51 PDT 2016 : Information : CurrencyProphet been launched. all rights reserved
Mon Aug 08 16:01:07 PDT 2016 : Information : CurrencyProphet been launched. all rights reserved
Mon Aug 08 16:01:39 PDT 2016 : Information : Email authenticate succeed
Mon Aug 08 16:01:39 PDT 2016 : Information : Monitor started...
